[2022-01-21T06:28:29+08:00][sql] CONNECT:[ UseTime:0.072667s ] mysql:host=127.0.0.1;port=3306;dbname=tp6;charset=utf8
[2022-01-21T06:28:29+08:00][sql] SHOW FULL COLUMNS FROM `tp_category` [ RunTime:0.231231s ]
[2022-01-21T06:28:29+08:00][sql] SHOW FULL COLUMNS FROM `tp_article` [ RunTime:0.044037s ]
[2022-01-21T06:28:29+08:00][sql] SELECT * FROM `tp_category` ORDER BY `cate_id` DESC [ RunTime:0.076414s ]
[2022-01-21T06:28:29+08:00][sql] SELECT * FROM `tp_article` ORDER BY `article_time` DESC LIMIT 6 [ RunTime:0.004365s ]
[2022-01-21T06:28:29+08:00][sql] SELECT * FROM `tp_article` ORDER BY `article_time` DESC LIMIT 10 [ RunTime:0.000628s ]
[2022-01-21T06:28:29+08:00][sql] SELECT * FROM `tp_article` ORDER BY `article_time` DESC LIMIT 3 [ RunTime:0.000437s ]
[2022-01-21T06:28:55+08:00][sql] CONNECT:[ UseTime:0.011707s ] mysql:host=127.0.0.1;port=3306;dbname=tp6;charset=utf8
[2022-01-21T06:28:55+08:00][sql] SHOW FULL COLUMNS FROM `tp_category` [ RunTime:0.000892s ]
[2022-01-21T06:28:55+08:00][sql] SHOW FULL COLUMNS FROM `tp_article` [ RunTime:0.000759s ]
[2022-01-21T06:28:55+08:00][sql] SELECT * FROM `tp_category` ORDER BY `cate_id` DESC [ RunTime:0.000545s ]
[2022-01-21T06:28:55+08:00][sql] SELECT * FROM `tp_article` WHERE  `article_id` = 7 LIMIT 1 [ RunTime:0.395971s ]
[2022-01-21T06:28:55+08:00][sql] SELECT * FROM `tp_article` ORDER BY `article_time` DESC LIMIT 10 [ RunTime:0.001065s ]
[2022-01-21T06:28:55+08:00][sql] SELECT * FROM `tp_article` ORDER BY `article_time` DESC LIMIT 3 [ RunTime:0.000901s ]
[2022-01-21T06:29:37+08:00][sql] CONNECT:[ UseTime:0.000817s ] mysql:host=127.0.0.1;port=3306;dbname=tp6;charset=utf8
[2022-01-21T06:29:37+08:00][sql] SHOW FULL COLUMNS FROM `tp_admin` [ RunTime:0.010193s ]
[2022-01-21T06:31:26+08:00][sql] CONNECT:[ UseTime:0.008752s ] mysql:host=127.0.0.1;port=3306;dbname=tp6;charset=utf8
[2022-01-21T06:31:26+08:00][sql] SHOW FULL COLUMNS FROM `tp_admin` [ RunTime:0.001491s ]
[2022-01-21T06:31:26+08:00][sql] SELECT * FROM `tp_admin` WHERE  `admin_name` = 'admin' LIMIT 1 [ RunTime:0.000514s ]
[2022-01-21T06:31:37+08:00][sql] CONNECT:[ UseTime:0.022803s ] mysql:host=127.0.0.1;port=3306;dbname=tp6;charset=utf8
[2022-01-21T06:31:37+08:00][sql] SHOW FULL COLUMNS FROM `tp_article` [ RunTime:0.000927s ]
[2022-01-21T06:31:37+08:00][sql] SHOW FULL COLUMNS FROM `tp_category` [ RunTime:0.000781s ]
[2022-01-21T06:31:37+08:00][sql] SELECT COUNT(*) AS think_count FROM `tp_article` [ RunTime:0.000318s ]
[2022-01-21T06:31:37+08:00][sql] SELECT * FROM `tp_article` ORDER BY `article_time` DESC LIMIT 0,10 [ RunTime:0.000428s ]
[2022-01-21T06:31:37+08:00][sql] SELECT * FROM `tp_category` ORDER BY `cate_id` DESC [ RunTime:0.000422s ]
[2022-01-21T06:31:52+08:00][sql] CONNECT:[ UseTime:0.017291s ] mysql:host=127.0.0.1;port=3306;dbname=tp6;charset=utf8
[2022-01-21T06:31:52+08:00][sql] SHOW FULL COLUMNS FROM `tp_category` [ RunTime:0.000847s ]
[2022-01-21T06:31:52+08:00][sql] SHOW FULL COLUMNS FROM `tp_article` [ RunTime:0.001193s ]
[2022-01-21T06:31:52+08:00][sql] SELECT * FROM `tp_category` ORDER BY `cate_id` DESC [ RunTime:0.000450s ]
[2022-01-21T06:31:52+08:00][sql] SELECT * FROM `tp_article` WHERE  `article_id` = 11 LIMIT 1 [ RunTime:0.000394s ]
[2022-01-21T06:31:56+08:00][sql] CONNECT:[ UseTime:0.000759s ] mysql:host=127.0.0.1;port=3306;dbname=tp6;charset=utf8
[2022-01-21T06:31:56+08:00][sql] SHOW FULL COLUMNS FROM `tp_article` [ RunTime:0.000827s ]
[2022-01-21T06:31:56+08:00][sql] SHOW FULL COLUMNS FROM `tp_category` [ RunTime:0.001588s ]
[2022-01-21T06:31:56+08:00][sql] SELECT COUNT(*) AS think_count FROM `tp_article` [ RunTime:0.000389s ]
[2022-01-21T06:31:56+08:00][sql] SELECT * FROM `tp_article` ORDER BY `article_time` DESC LIMIT 0,10 [ RunTime:0.000455s ]
[2022-01-21T06:31:56+08:00][sql] SELECT * FROM `tp_category` ORDER BY `cate_id` DESC [ RunTime:0.000358s ]
[2022-01-21T06:32:31+08:00][sql] CONNECT:[ UseTime:0.017704s ] mysql:host=127.0.0.1;port=3306;dbname=tp6;charset=utf8
[2022-01-21T06:32:31+08:00][sql] SHOW FULL COLUMNS FROM `tp_category` [ RunTime:0.001109s ]
[2022-01-21T06:32:31+08:00][sql] SELECT * FROM `tp_category` ORDER BY `cate_id` DESC [ RunTime:0.000391s ]
[2022-01-21T06:32:40+08:00][sql] CONNECT:[ UseTime:0.022063s ] mysql:host=127.0.0.1;port=3306;dbname=tp6;charset=utf8
[2022-01-21T06:32:40+08:00][sql] SHOW FULL COLUMNS FROM `tp_category` [ RunTime:0.000892s ]
[2022-01-21T06:32:40+08:00][sql] SELECT * FROM `tp_category` ORDER BY `cate_id` DESC [ RunTime:0.000384s ]
[2022-01-21T06:32:40+08:00][sql] SELECT * FROM `tp_category` WHERE  `cate_name` = '12345' LIMIT 1 [ RunTime:0.000364s ]
[2022-01-21T06:32:40+08:00][sql] INSERT INTO `tp_category` SET `cate_name` = '12345' [ RunTime:0.181674s ]
[2022-01-21T06:32:43+08:00][sql] CONNECT:[ UseTime:0.023608s ] mysql:host=127.0.0.1;port=3306;dbname=tp6;charset=utf8
[2022-01-21T06:32:43+08:00][sql] SHOW FULL COLUMNS FROM `tp_category` [ RunTime:0.004440s ]
[2022-01-21T06:32:43+08:00][sql] SELECT * FROM `tp_category` ORDER BY `cate_id` DESC [ RunTime:0.000375s ]
[2022-01-21T06:32:47+08:00][sql] CONNECT:[ UseTime:0.017925s ] mysql:host=127.0.0.1;port=3306;dbname=tp6;charset=utf8
[2022-01-21T06:32:47+08:00][sql] SHOW FULL COLUMNS FROM `tp_category` [ RunTime:0.000866s ]
[2022-01-21T06:32:47+08:00][sql] SHOW FULL COLUMNS FROM `tp_article` [ RunTime:0.000635s ]
[2022-01-21T06:32:47+08:00][sql] SELECT * FROM `tp_category` ORDER BY `cate_id` DESC [ RunTime:0.000344s ]
[2022-01-21T06:32:47+08:00][sql] SELECT * FROM `tp_article` ORDER BY `article_time` DESC LIMIT 6 [ RunTime:0.000381s ]
[2022-01-21T06:32:47+08:00][sql] SELECT * FROM `tp_article` ORDER BY `article_time` DESC LIMIT 10 [ RunTime:0.000421s ]
[2022-01-21T06:32:47+08:00][sql] SELECT * FROM `tp_article` ORDER BY `article_time` DESC LIMIT 3 [ RunTime:0.000342s ]
[2022-01-21T06:32:51+08:00][sql] CONNECT:[ UseTime:0.012620s ] mysql:host=127.0.0.1;port=3306;dbname=tp6;charset=utf8
[2022-01-21T06:32:51+08:00][sql] SHOW FULL COLUMNS FROM `tp_category` [ RunTime:0.000689s ]
[2022-01-21T06:32:51+08:00][sql] SHOW FULL COLUMNS FROM `tp_article` [ RunTime:0.000805s ]
[2022-01-21T06:32:51+08:00][sql] SELECT * FROM `tp_category` ORDER BY `cate_id` DESC [ RunTime:0.000464s ]
[2022-01-21T06:32:51+08:00][sql] SELECT * FROM `tp_category` WHERE  `cate_id` = 9 LIMIT 1 [ RunTime:0.000984s ]
[2022-01-21T06:32:51+08:00][sql] select * from tp_article where `cate_id`=9 [ RunTime:0.000499s ]
[2022-01-21T06:32:51+08:00][sql] SELECT COUNT(*) AS think_count FROM `tp_article` WHERE  `cate_id` = 9 [ RunTime:0.000440s ]
[2022-01-21T06:32:51+08:00][sql] SELECT * FROM `tp_article` WHERE  `cate_id` = 9 ORDER BY `article_time` DESC LIMIT 0,3 [ RunTime:0.000440s ]
[2022-01-21T06:32:51+08:00][sql] SELECT * FROM `tp_article` ORDER BY `article_time` DESC LIMIT 10 [ RunTime:0.000496s ]
[2022-01-21T06:32:51+08:00][sql] SELECT * FROM `tp_article` ORDER BY `article_time` DESC LIMIT 3 [ RunTime:0.000583s ]
[2022-01-21T06:32:56+08:00][sql] CONNECT:[ UseTime:0.018767s ] mysql:host=127.0.0.1;port=3306;dbname=tp6;charset=utf8
[2022-01-21T06:32:56+08:00][sql] SHOW FULL COLUMNS FROM `tp_article` [ RunTime:0.000844s ]
[2022-01-21T06:32:56+08:00][sql] SHOW FULL COLUMNS FROM `tp_category` [ RunTime:0.001286s ]
[2022-01-21T06:32:56+08:00][sql] SELECT COUNT(*) AS think_count FROM `tp_article` [ RunTime:0.000820s ]
[2022-01-21T06:32:56+08:00][sql] SELECT * FROM `tp_article` ORDER BY `article_time` DESC LIMIT 0,10 [ RunTime:0.000517s ]
[2022-01-21T06:32:56+08:00][sql] SELECT * FROM `tp_category` ORDER BY `cate_id` DESC [ RunTime:0.000362s ]
[2022-01-21T06:33:40+08:00][sql] CONNECT:[ UseTime:0.020589s ] mysql:host=127.0.0.1;port=3306;dbname=tp6;charset=utf8
[2022-01-21T06:33:40+08:00][sql] SHOW FULL COLUMNS FROM `tp_article` [ RunTime:0.000879s ]
[2022-01-21T06:33:40+08:00][sql] SHOW FULL COLUMNS FROM `tp_category` [ RunTime:0.000881s ]
[2022-01-21T06:33:40+08:00][sql] SELECT COUNT(*) AS think_count FROM `tp_article` [ RunTime:0.000530s ]
[2022-01-21T06:33:40+08:00][sql] SELECT * FROM `tp_article` ORDER BY `article_time` DESC LIMIT 10,10 [ RunTime:0.000842s ]
[2022-01-21T06:33:40+08:00][sql] SELECT * FROM `tp_category` ORDER BY `cate_id` DESC [ RunTime:0.000363s ]
[2022-01-21T06:33:43+08:00][sql] CONNECT:[ UseTime:0.021418s ] mysql:host=127.0.0.1;port=3306;dbname=tp6;charset=utf8
[2022-01-21T06:33:43+08:00][sql] SHOW FULL COLUMNS FROM `tp_article` [ RunTime:0.000890s ]
[2022-01-21T06:33:43+08:00][sql] SHOW FULL COLUMNS FROM `tp_category` [ RunTime:0.000717s ]
[2022-01-21T06:33:43+08:00][sql] SELECT COUNT(*) AS think_count FROM `tp_article` [ RunTime:0.000301s ]
[2022-01-21T06:33:43+08:00][sql] SELECT * FROM `tp_article` ORDER BY `article_time` DESC LIMIT 0,10 [ RunTime:0.000437s ]
[2022-01-21T06:33:43+08:00][sql] SELECT * FROM `tp_category` ORDER BY `cate_id` DESC [ RunTime:0.000343s ]
[2022-01-21T06:33:52+08:00][sql] CONNECT:[ UseTime:0.000945s ] mysql:host=127.0.0.1;port=3306;dbname=tp6;charset=utf8
[2022-01-21T06:33:52+08:00][sql] SHOW FULL COLUMNS FROM `tp_category` [ RunTime:0.000857s ]
[2022-01-21T06:33:52+08:00][sql] SHOW FULL COLUMNS FROM `tp_article` [ RunTime:0.000880s ]
[2022-01-21T06:33:52+08:00][sql] SELECT * FROM `tp_category` ORDER BY `cate_id` DESC [ RunTime:0.000368s ]
[2022-01-21T06:33:52+08:00][sql] SELECT * FROM `tp_article` ORDER BY `article_time` DESC LIMIT 6 [ RunTime:0.000399s ]
[2022-01-21T06:33:52+08:00][sql] SELECT * FROM `tp_article` ORDER BY `article_time` DESC LIMIT 10 [ RunTime:0.000503s ]
[2022-01-21T06:33:52+08:00][sql] SELECT * FROM `tp_article` ORDER BY `article_time` DESC LIMIT 3 [ RunTime:0.000345s ]
[2022-01-21T06:39:22+08:00][sql] CONNECT:[ UseTime:0.000989s ] mysql:host=127.0.0.1;port=3306;dbname=tp6;charset=utf8
[2022-01-21T06:39:22+08:00][sql] SHOW FULL COLUMNS FROM `tp_category` [ RunTime:0.001035s ]
[2022-01-21T06:39:22+08:00][sql] SHOW FULL COLUMNS FROM `tp_article` [ RunTime:0.000946s ]
[2022-01-21T06:39:22+08:00][sql] SELECT * FROM `tp_category` ORDER BY `cate_id` DESC [ RunTime:0.000438s ]
[2022-01-21T06:39:22+08:00][sql] SELECT * FROM `tp_article` WHERE  `article_id` = 9 LIMIT 1 [ RunTime:0.000384s ]
[2022-01-21T06:39:22+08:00][sql] SELECT * FROM `tp_article` ORDER BY `article_time` DESC LIMIT 10 [ RunTime:0.000342s ]
[2022-01-21T06:39:22+08:00][sql] SELECT * FROM `tp_article` ORDER BY `article_time` DESC LIMIT 3 [ RunTime:0.000434s ]
[2022-01-21T06:39:44+08:00][sql] CONNECT:[ UseTime:0.020447s ] mysql:host=127.0.0.1;port=3306;dbname=tp6;charset=utf8
[2022-01-21T06:39:44+08:00][sql] SHOW FULL COLUMNS FROM `tp_admin` [ RunTime:0.001532s ]
[2022-01-21T14:24:05+08:00][sql] CONNECT:[ UseTime:0.001037s ] mysql:host=127.0.0.1;port=3306;dbname=tp6;charset=utf8
[2022-01-21T14:24:05+08:00][sql] SHOW FULL COLUMNS FROM `tp_category` [ RunTime:0.001101s ]
[2022-01-21T14:24:05+08:00][sql] SHOW FULL COLUMNS FROM `tp_article` [ RunTime:0.001910s ]
[2022-01-21T14:24:05+08:00][sql] SELECT * FROM `tp_category` ORDER BY `cate_id` DESC [ RunTime:0.000607s ]
[2022-01-21T14:24:05+08:00][sql] SELECT * FROM `tp_category` WHERE  `cate_id` = 1 LIMIT 1 [ RunTime:0.000459s ]
[2022-01-21T14:24:05+08:00][sql] select * from tp_article where `cate_id`=1 [ RunTime:0.000364s ]
[2022-01-21T14:24:05+08:00][sql] SELECT COUNT(*) AS think_count FROM `tp_article` WHERE  `cate_id` = 1 [ RunTime:0.000337s ]
[2022-01-21T14:24:05+08:00][sql] SELECT * FROM `tp_article` WHERE  `cate_id` = 1 ORDER BY `article_time` DESC LIMIT 0,3 [ RunTime:0.000377s ]
[2022-01-21T14:24:05+08:00][sql] SELECT * FROM `tp_article` ORDER BY `article_time` DESC LIMIT 10 [ RunTime:0.000367s ]
[2022-01-21T14:24:05+08:00][sql] SELECT * FROM `tp_article` ORDER BY `article_time` DESC LIMIT 3 [ RunTime:0.000383s ]
[2022-01-21T14:24:06+08:00][sql] CONNECT:[ UseTime:0.019622s ] mysql:host=127.0.0.1;port=3306;dbname=tp6;charset=utf8
[2022-01-21T14:24:06+08:00][sql] SHOW FULL COLUMNS FROM `tp_category` [ RunTime:0.000943s ]
[2022-01-21T14:24:06+08:00][sql] SHOW FULL COLUMNS FROM `tp_article` [ RunTime:0.000954s ]
[2022-01-21T14:24:06+08:00][sql] SELECT * FROM `tp_category` ORDER BY `cate_id` DESC [ RunTime:0.000300s ]
[2022-01-21T14:24:06+08:00][sql] SELECT * FROM `tp_category` WHERE  `cate_id` = 2 LIMIT 1 [ RunTime:0.000316s ]
[2022-01-21T14:24:06+08:00][sql] select * from tp_article where `cate_id`=2 [ RunTime:0.000364s ]
[2022-01-21T14:24:06+08:00][sql] SELECT COUNT(*) AS think_count FROM `tp_article` WHERE  `cate_id` = 2 [ RunTime:0.000325s ]
[2022-01-21T14:24:06+08:00][sql] SELECT * FROM `tp_article` WHERE  `cate_id` = 2 ORDER BY `article_time` DESC LIMIT 0,3 [ RunTime:0.000272s ]
[2022-01-21T14:24:06+08:00][sql] SELECT * FROM `tp_article` ORDER BY `article_time` DESC LIMIT 10 [ RunTime:0.000353s ]
[2022-01-21T14:24:06+08:00][sql] SELECT * FROM `tp_article` ORDER BY `article_time` DESC LIMIT 3 [ RunTime:0.000318s ]
[2022-01-21T14:24:07+08:00][sql] CONNECT:[ UseTime:0.001053s ] mysql:host=127.0.0.1;port=3306;dbname=tp6;charset=utf8
[2022-01-21T14:24:07+08:00][sql] SHOW FULL COLUMNS FROM `tp_category` [ RunTime:0.000931s ]
[2022-01-21T14:24:07+08:00][sql] SHOW FULL COLUMNS FROM `tp_article` [ RunTime:0.001105s ]
[2022-01-21T14:24:07+08:00][sql] SELECT * FROM `tp_category` ORDER BY `cate_id` DESC [ RunTime:0.000355s ]
[2022-01-21T14:24:07+08:00][sql] SELECT * FROM `tp_category` WHERE  `cate_id` = 3 LIMIT 1 [ RunTime:0.000314s ]
[2022-01-21T14:24:07+08:00][sql] select * from tp_article where `cate_id`=3 [ RunTime:0.000396s ]
[2022-01-21T14:24:07+08:00][sql] SELECT COUNT(*) AS think_count FROM `tp_article` WHERE  `cate_id` = 3 [ RunTime:0.001087s ]
[2022-01-21T14:24:07+08:00][sql] SELECT * FROM `tp_article` WHERE  `cate_id` = 3 ORDER BY `article_time` DESC LIMIT 0,3 [ RunTime:0.000472s ]
[2022-01-21T14:24:07+08:00][sql] SELECT * FROM `tp_article` ORDER BY `article_time` DESC LIMIT 10 [ RunTime:0.000594s ]
[2022-01-21T14:24:07+08:00][sql] SELECT * FROM `tp_article` ORDER BY `article_time` DESC LIMIT 3 [ RunTime:0.000408s ]
[2022-01-21T14:24:07+08:00][sql] CONNECT:[ UseTime:0.013462s ] mysql:host=127.0.0.1;port=3306;dbname=tp6;charset=utf8
[2022-01-21T14:24:07+08:00][sql] SHOW FULL COLUMNS FROM `tp_category` [ RunTime:0.000772s ]
[2022-01-21T14:24:07+08:00][sql] SHOW FULL COLUMNS FROM `tp_article` [ RunTime:0.000621s ]
[2022-01-21T14:24:07+08:00][sql] SELECT * FROM `tp_category` ORDER BY `cate_id` DESC [ RunTime:0.000341s ]
[2022-01-21T14:24:07+08:00][sql] SELECT * FROM `tp_category` WHERE  `cate_id` = 4 LIMIT 1 [ RunTime:0.000346s ]
[2022-01-21T14:24:07+08:00][sql] select * from tp_article where `cate_id`=4 [ RunTime:0.000349s ]
[2022-01-21T14:24:07+08:00][sql] SELECT COUNT(*) AS think_count FROM `tp_article` WHERE  `cate_id` = 4 [ RunTime:0.000301s ]
[2022-01-21T14:24:07+08:00][sql] SELECT * FROM `tp_article` WHERE  `cate_id` = 4 ORDER BY `article_time` DESC LIMIT 0,3 [ RunTime:0.000353s ]
[2022-01-21T14:24:07+08:00][sql] SELECT * FROM `tp_article` ORDER BY `article_time` DESC LIMIT 10 [ RunTime:0.000407s ]
[2022-01-21T14:24:07+08:00][sql] SELECT * FROM `tp_article` ORDER BY `article_time` DESC LIMIT 3 [ RunTime:0.000390s ]
[2022-01-21T14:24:08+08:00][sql] CONNECT:[ UseTime:0.022540s ] mysql:host=127.0.0.1;port=3306;dbname=tp6;charset=utf8
[2022-01-21T14:24:08+08:00][sql] SHOW FULL COLUMNS FROM `tp_category` [ RunTime:0.000819s ]
[2022-01-21T14:24:08+08:00][sql] SHOW FULL COLUMNS FROM `tp_article` [ RunTime:0.000689s ]
[2022-01-21T14:24:08+08:00][sql] SELECT * FROM `tp_category` ORDER BY `cate_id` DESC [ RunTime:0.000353s ]
[2022-01-21T14:24:08+08:00][sql] SELECT * FROM `tp_category` WHERE  `cate_id` = 5 LIMIT 1 [ RunTime:0.000377s ]
[2022-01-21T14:24:08+08:00][sql] select * from tp_article where `cate_id`=5 [ RunTime:0.000390s ]
[2022-01-21T14:24:08+08:00][sql] SELECT COUNT(*) AS think_count FROM `tp_article` WHERE  `cate_id` = 5 [ RunTime:0.000358s ]
[2022-01-21T14:24:08+08:00][sql] SELECT * FROM `tp_article` WHERE  `cate_id` = 5 ORDER BY `article_time` DESC LIMIT 0,3 [ RunTime:0.000403s ]
[2022-01-21T14:24:08+08:00][sql] SELECT * FROM `tp_article` ORDER BY `article_time` DESC LIMIT 10 [ RunTime:0.000431s ]
[2022-01-21T14:24:08+08:00][sql] SELECT * FROM `tp_article` ORDER BY `article_time` DESC LIMIT 3 [ RunTime:0.000382s ]
[2022-01-21T14:24:09+08:00][sql] CONNECT:[ UseTime:0.012634s ] mysql:host=127.0.0.1;port=3306;dbname=tp6;charset=utf8
[2022-01-21T14:24:09+08:00][sql] SHOW FULL COLUMNS FROM `tp_category` [ RunTime:0.000686s ]
[2022-01-21T14:24:09+08:00][sql] SHOW FULL COLUMNS FROM `tp_article` [ RunTime:0.000782s ]
[2022-01-21T14:24:09+08:00][sql] SELECT * FROM `tp_category` ORDER BY `cate_id` DESC [ RunTime:0.000342s ]
[2022-01-21T14:24:09+08:00][sql] SELECT * FROM `tp_category` WHERE  `cate_id` = 3 LIMIT 1 [ RunTime:0.000337s ]
[2022-01-21T14:24:09+08:00][sql] select * from tp_article where `cate_id`=3 [ RunTime:0.000357s ]
[2022-01-21T14:24:09+08:00][sql] SELECT COUNT(*) AS think_count FROM `tp_article` WHERE  `cate_id` = 3 [ RunTime:0.000337s ]
[2022-01-21T14:24:09+08:00][sql] SELECT * FROM `tp_article` WHERE  `cate_id` = 3 ORDER BY `article_time` DESC LIMIT 0,3 [ RunTime:0.000359s ]
[2022-01-21T14:24:09+08:00][sql] SELECT * FROM `tp_article` ORDER BY `article_time` DESC LIMIT 10 [ RunTime:0.000396s ]
[2022-01-21T14:24:09+08:00][sql] SELECT * FROM `tp_article` ORDER BY `article_time` DESC LIMIT 3 [ RunTime:0.000381s ]
[2022-01-21T14:24:11+08:00][sql] CONNECT:[ UseTime:0.022003s ] mysql:host=127.0.0.1;port=3306;dbname=tp6;charset=utf8
[2022-01-21T14:24:11+08:00][sql] SHOW FULL COLUMNS FROM `tp_category` [ RunTime:0.002278s ]
[2022-01-21T14:24:11+08:00][sql] SHOW FULL COLUMNS FROM `tp_article` [ RunTime:0.001039s ]
[2022-01-21T14:24:11+08:00][sql] SELECT * FROM `tp_category` ORDER BY `cate_id` DESC [ RunTime:0.000362s ]
[2022-01-21T14:24:11+08:00][sql] SELECT * FROM `tp_category` WHERE  `cate_id` = 2 LIMIT 1 [ RunTime:0.000339s ]
[2022-01-21T14:24:11+08:00][sql] select * from tp_article where `cate_id`=2 [ RunTime:0.000366s ]
[2022-01-21T14:24:11+08:00][sql] SELECT COUNT(*) AS think_count FROM `tp_article` WHERE  `cate_id` = 2 [ RunTime:0.000345s ]
[2022-01-21T14:24:11+08:00][sql] SELECT * FROM `tp_article` WHERE  `cate_id` = 2 ORDER BY `article_time` DESC LIMIT 0,3 [ RunTime:0.000378s ]
[2022-01-21T14:24:11+08:00][sql] SELECT * FROM `tp_article` ORDER BY `article_time` DESC LIMIT 10 [ RunTime:0.000417s ]
[2022-01-21T14:24:11+08:00][sql] SELECT * FROM `tp_article` ORDER BY `article_time` DESC LIMIT 3 [ RunTime:0.000406s ]
[2022-01-21T14:24:12+08:00][sql] CONNECT:[ UseTime:0.011018s ] mysql:host=127.0.0.1;port=3306;dbname=tp6;charset=utf8
[2022-01-21T14:24:12+08:00][sql] SHOW FULL COLUMNS FROM `tp_category` [ RunTime:0.001022s ]
[2022-01-21T14:24:12+08:00][sql] SHOW FULL COLUMNS FROM `tp_article` [ RunTime:0.000967s ]
[2022-01-21T14:24:12+08:00][sql] SELECT * FROM `tp_category` ORDER BY `cate_id` DESC [ RunTime:0.000353s ]
[2022-01-21T14:24:12+08:00][sql] SELECT * FROM `tp_category` WHERE  `cate_id` = 3 LIMIT 1 [ RunTime:0.000345s ]
[2022-01-21T14:24:12+08:00][sql] select * from tp_article where `cate_id`=3 [ RunTime:0.000353s ]
[2022-01-21T14:24:12+08:00][sql] SELECT COUNT(*) AS think_count FROM `tp_article` WHERE  `cate_id` = 3 [ RunTime:0.000343s ]
[2022-01-21T14:24:12+08:00][sql] SELECT * FROM `tp_article` WHERE  `cate_id` = 3 ORDER BY `article_time` DESC LIMIT 0,3 [ RunTime:0.000386s ]
[2022-01-21T14:24:12+08:00][sql] SELECT * FROM `tp_article` ORDER BY `article_time` DESC LIMIT 10 [ RunTime:0.000350s ]
[2022-01-21T14:24:12+08:00][sql] SELECT * FROM `tp_article` ORDER BY `article_time` DESC LIMIT 3 [ RunTime:0.000355s ]
[2022-01-21T14:24:12+08:00][sql] CONNECT:[ UseTime:0.020193s ] mysql:host=127.0.0.1;port=3306;dbname=tp6;charset=utf8
[2022-01-21T14:24:12+08:00][sql] SHOW FULL COLUMNS FROM `tp_category` [ RunTime:0.000684s ]
[2022-01-21T14:24:12+08:00][sql] SHOW FULL COLUMNS FROM `tp_article` [ RunTime:0.000588s ]
[2022-01-21T14:24:12+08:00][sql] SELECT * FROM `tp_category` ORDER BY `cate_id` DESC [ RunTime:0.000339s ]
[2022-01-21T14:24:12+08:00][sql] SELECT * FROM `tp_category` WHERE  `cate_id` = 4 LIMIT 1 [ RunTime:0.000323s ]
[2022-01-21T14:24:12+08:00][sql] select * from tp_article where `cate_id`=4 [ RunTime:0.000299s ]
[2022-01-21T14:24:12+08:00][sql] SELECT COUNT(*) AS think_count FROM `tp_article` WHERE  `cate_id` = 4 [ RunTime:0.000338s ]
[2022-01-21T14:24:12+08:00][sql] SELECT * FROM `tp_article` WHERE  `cate_id` = 4 ORDER BY `article_time` DESC LIMIT 0,3 [ RunTime:0.000624s ]
[2022-01-21T14:24:12+08:00][sql] SELECT * FROM `tp_article` ORDER BY `article_time` DESC LIMIT 10 [ RunTime:0.000815s ]
[2022-01-21T14:24:12+08:00][sql] SELECT * FROM `tp_article` ORDER BY `article_time` DESC LIMIT 3 [ RunTime:0.000440s ]
[2022-01-21T14:24:13+08:00][sql] CONNECT:[ UseTime:0.000837s ] mysql:host=127.0.0.1;port=3306;dbname=tp6;charset=utf8
[2022-01-21T14:24:13+08:00][sql] SHOW FULL COLUMNS FROM `tp_category` [ RunTime:0.000676s ]
[2022-01-21T14:24:13+08:00][sql] SHOW FULL COLUMNS FROM `tp_article` [ RunTime:0.000647s ]
[2022-01-21T14:24:13+08:00][sql] SELECT * FROM `tp_category` ORDER BY `cate_id` DESC [ RunTime:0.000474s ]
[2022-01-21T14:24:13+08:00][sql] SELECT * FROM `tp_category` WHERE  `cate_id` = 5 LIMIT 1 [ RunTime:0.000344s ]
[2022-01-21T14:24:13+08:00][sql] select * from tp_article where `cate_id`=5 [ RunTime:0.000233s ]
[2022-01-21T14:24:13+08:00][sql] SELECT COUNT(*) AS think_count FROM `tp_article` WHERE  `cate_id` = 5 [ RunTime:0.000517s ]
[2022-01-21T14:24:13+08:00][sql] SELECT * FROM `tp_article` WHERE  `cate_id` = 5 ORDER BY `article_time` DESC LIMIT 0,3 [ RunTime:0.000640s ]
[2022-01-21T14:24:13+08:00][sql] SELECT * FROM `tp_article` ORDER BY `article_time` DESC LIMIT 10 [ RunTime:0.000549s ]
[2022-01-21T14:24:13+08:00][sql] SELECT * FROM `tp_article` ORDER BY `article_time` DESC LIMIT 3 [ RunTime:0.000756s ]
[2022-01-21T14:24:14+08:00][sql] CONNECT:[ UseTime:0.024812s ] mysql:host=127.0.0.1;port=3306;dbname=tp6;charset=utf8
[2022-01-21T14:24:14+08:00][sql] SHOW FULL COLUMNS FROM `tp_category` [ RunTime:0.000683s ]
[2022-01-21T14:24:14+08:00][sql] SHOW FULL COLUMNS FROM `tp_article` [ RunTime:0.000606s ]
[2022-01-21T14:24:14+08:00][sql] SELECT * FROM `tp_category` ORDER BY `cate_id` DESC [ RunTime:0.000355s ]
[2022-01-21T14:24:14+08:00][sql] SELECT * FROM `tp_category` WHERE  `cate_id` = 8 LIMIT 1 [ RunTime:0.000335s ]
[2022-01-21T14:24:14+08:00][sql] select * from tp_article where `cate_id`=8 [ RunTime:0.000345s ]
[2022-01-21T14:24:14+08:00][sql] SELECT COUNT(*) AS think_count FROM `tp_article` WHERE  `cate_id` = 8 [ RunTime:0.000343s ]
[2022-01-21T14:24:14+08:00][sql] SELECT * FROM `tp_article` WHERE  `cate_id` = 8 ORDER BY `article_time` DESC LIMIT 0,3 [ RunTime:0.000364s ]
[2022-01-21T14:24:14+08:00][sql] SELECT * FROM `tp_article` ORDER BY `article_time` DESC LIMIT 10 [ RunTime:0.000412s ]
[2022-01-21T14:24:14+08:00][sql] SELECT * FROM `tp_article` ORDER BY `article_time` DESC LIMIT 3 [ RunTime:0.000381s ]
[2022-01-21T14:24:15+08:00][sql] CONNECT:[ UseTime:0.023020s ] mysql:host=127.0.0.1;port=3306;dbname=tp6;charset=utf8
[2022-01-21T14:24:15+08:00][sql] SHOW FULL COLUMNS FROM `tp_category` [ RunTime:0.000696s ]
[2022-01-21T14:24:15+08:00][sql] SHOW FULL COLUMNS FROM `tp_article` [ RunTime:0.000597s ]
[2022-01-21T14:24:15+08:00][sql] SELECT * FROM `tp_category` ORDER BY `cate_id` DESC [ RunTime:0.000340s ]
[2022-01-21T14:24:15+08:00][sql] SELECT * FROM `tp_category` WHERE  `cate_id` = 9 LIMIT 1 [ RunTime:0.000354s ]
[2022-01-21T14:24:15+08:00][sql] select * from tp_article where `cate_id`=9 [ RunTime:0.000474s ]
[2022-01-21T14:24:15+08:00][sql] SELECT COUNT(*) AS think_count FROM `tp_article` WHERE  `cate_id` = 9 [ RunTime:0.000648s ]
[2022-01-21T14:24:15+08:00][sql] SELECT * FROM `tp_article` WHERE  `cate_id` = 9 ORDER BY `article_time` DESC LIMIT 0,3 [ RunTime:0.000381s ]
[2022-01-21T14:24:15+08:00][sql] SELECT * FROM `tp_article` ORDER BY `article_time` DESC LIMIT 10 [ RunTime:0.000393s ]
[2022-01-21T14:24:15+08:00][sql] SELECT * FROM `tp_article` ORDER BY `article_time` DESC LIMIT 3 [ RunTime:0.000360s ]
[2022-01-21T14:24:16+08:00][sql] CONNECT:[ UseTime:0.001351s ] mysql:host=127.0.0.1;port=3306;dbname=tp6;charset=utf8
[2022-01-21T14:24:16+08:00][sql] SHOW FULL COLUMNS FROM `tp_category` [ RunTime:0.000708s ]
[2022-01-21T14:24:16+08:00][sql] SHOW FULL COLUMNS FROM `tp_article` [ RunTime:0.001694s ]
[2022-01-21T14:24:16+08:00][sql] SELECT * FROM `tp_category` ORDER BY `cate_id` DESC [ RunTime:0.000349s ]
[2022-01-21T14:24:16+08:00][sql] SELECT * FROM `tp_article` ORDER BY `article_time` DESC LIMIT 6 [ RunTime:0.000450s ]
[2022-01-21T14:24:16+08:00][sql] SELECT * FROM `tp_article` ORDER BY `article_time` DESC LIMIT 10 [ RunTime:0.000311s ]
[2022-01-21T14:24:16+08:00][sql] SELECT * FROM `tp_article` ORDER BY `article_time` DESC LIMIT 3 [ RunTime:0.000253s ]
[2022-01-21T14:24:33+08:00][sql] CONNECT:[ UseTime:0.016966s ] mysql:host=127.0.0.1;port=3306;dbname=tp6;charset=utf8
[2022-01-21T14:24:33+08:00][sql] SHOW FULL COLUMNS FROM `tp_category` [ RunTime:0.001000s ]
[2022-01-21T14:24:33+08:00][sql] SHOW FULL COLUMNS FROM `tp_article` [ RunTime:0.000604s ]
[2022-01-21T14:24:33+08:00][sql] SELECT * FROM `tp_category` ORDER BY `cate_id` DESC [ RunTime:0.000228s ]
[2022-01-21T14:24:33+08:00][sql] SELECT * FROM `tp_article` ORDER BY `article_time` DESC LIMIT 6 [ RunTime:0.000530s ]
[2022-01-21T14:24:33+08:00][sql] SELECT * FROM `tp_article` ORDER BY `article_time` DESC LIMIT 10 [ RunTime:0.000350s ]
[2022-01-21T14:24:33+08:00][sql] SELECT * FROM `tp_article` ORDER BY `article_time` DESC LIMIT 3 [ RunTime:0.000335s ]
